<?xml version="1.0" encoding="UTF-8"?>
<!-- Generated by org.testng.reporters.JUnitXMLReporter -->
<testsuite ignored="0" hostname="DESKTOP-DVUMH6U" failures="1" tests="6" name="Test" time="0.024" errors="0" timestamp="29 May 2023 03:32:45 GMT">
  <testcase classname="tests.Test1" name="test1" time="0.0"/>
  <testcase classname="tests.Test1" name="test2" time="0.0"/>
  <testcase classname="tests.Test2" name="test3" time="0.0"/>
  <testcase classname="tests.Test3" name="test6" time="0.001">
    <failure type="java.lang.AssertionError" message="The following asserts failed:
	expected [true] but found [false]">
      <![CDATA[java.lang.AssertionError: The following asserts failed:
expected [true] but found [false]
at tests.Test3.test6(Test3.java:23)
... Removed 25 stack frames]]>
    </failure>
  </testcase> <!-- test6 -->
  <testcase classname="tests.Test2" name="test4" time="0.0"/>
  <testcase classname="tests.Test3" name="test5" time="0.0"/>
</testsuite> <!-- Test -->
